<?xml version="1.0" encoding="UTF-8"?>
<Site BuildName="Linux-g++"
	BuildStamp="20200607-0924-Experimental"
	Name="loadstar-20h5a01ncd"
	Generator="ctest-3.17.3"
	CompilerName="/usr/bin/g++"
	CompilerVersion="10.1.0"
	OSName="Linux"
	Hostname="loadstar-20h5a01ncd"
	OSRelease="5.6.15-1-MANJARO"
	OSVersion="#1 SMP PREEMPT Wed May 27 20:38:56 UTC 2020"
	OSPlatform="x86_64"
	Is64Bits="1"
	VendorString="GenuineIntel"
	VendorID="Intel Corporation"
	FamilyID="6"
	ModelID="142"
	ProcessorCacheSize="3072"
	NumberOfLogicalCPU="4"
	NumberOfPhysicalCPU="2"
	TotalVirtualMemory="8191"
	TotalPhysicalMemory="7866"
	LogicalProcessorsPerPhysical="2"
	ProcessorClockFrequency="3100.02"
	>
	<Testing>
		<StartDateTime>Jun 07 19:02 CST</StartDateTime>
		<StartTestTime>1591527763</StartTestTime>
		<TestList/>
		<EndDateTime>Jun 07 19:02 CST</EndDateTime>
		<EndTestTime>1591527763</EndTestTime>
		<ElapsedMinutes>0</ElapsedMinutes>
	</Testing>
</Site>
